<?xml version="1.0" encoding="UTF-8"?>
<!-- Generated by org.testng.reporters.JUnitXMLReporter -->
<testsuite ignored="0" hostname="DESKTOP-E2LP31Q" failures="0" tests="3" name="SearchTest" time="12.836" errors="0" timestamp="2023-08-12T20:53:10 CDT">
  <testcase classname="tests.SearchTest" name="searchByNotProvidingAnyProductName" time="0.0">
    <skipped/>
  </testcase> <!-- searchByNotProvidingAnyProductName -->
  <testcase classname="tests.SearchTest" name="searchWithInvalidProductName" time="0.0">
    <skipped/>
  </testcase> <!-- searchWithInvalidProductName -->
  <testcase classname="tests.SearchTest" name="searchWithValidProductName" time="0.0">
    <skipped/>
  </testcase> <!-- searchWithValidProductName -->
</testsuite> <!-- SearchTest -->
