<?xml version="1.0" encoding="UTF-8"?>
<!-- Generated by org.testng.reporters.JUnitXMLReporter -->
<testsuite ignored="0" hostname="DESKTOP-E2LP31Q" failures="0" tests="4" name="Test" time="29.214" errors="0" timestamp="2023-08-07T12:21:33 CDT">
  <testcase classname="tests.RegisterTest" name="TestTwo" time="0.008"/>
  <testcase classname="tests.LoginTest" name="login" time="2.492"/>
  <testcase classname="tests.LoginTest" name="login" time="12.158"/>
  <testcase classname="tests.SearchTest" name="TestThree" time="0.001"/>
</testsuite> <!-- Test -->
